This is pdfTeX, Version 3.141592653-2.6-1.40.25 (TeX Live 2023) (preloaded format=pdflatex 2024.1.18)  27 MAR 2024 15:35
entering extended mode
 restricted \write18 enabled.
 file:line:error style messages enabled.
 %&-line parsing enabled.
**/Users/nhamilt2/Documents/github/nhamilt2OverleafIntegration/Hamilton_draft.tex
(/Users/nhamilt2/Documents/github/nhamilt2OverleafIntegration/Hamilton_draft.tex
LaTeX2e <2022-11-01> patch level 1
L3 programming layer <2023-02-22> (./revtex4-1.cls
Document Class: revtex4-1 2010/07/25/20:33:00 4.1r (http://publish.aps.org/revtex4/ for documentation)
 Copyright (c) 2009 The American Physical Society.
 mailto:revtex@aps.org
 Licensed under the LPPL:
http://www.ctan.org/tex-archive/macros/latex/base/lppl.txt
 Arthur Ogawa <arthur_ogawa at sbcglobal dot net>
 Based on work by David Carlisle <david at dcarlisle.demon.co.uk>.
ltxutil[2010/07/25/20:33:00 4.1r utilities package (portions licensed from W. E. Baxter web at superscript.com)]
LaTeX Info: Redefining \@centercr on input line 308.
Class revtex4-1 Info: Repairing hyperref-unfriendly LaTeX definition of \mpfootnote on input line 433.
Class revtex4-1 Info: Repairing broken LateX \@sect on input line 755.
\intertabularlinepenalty=\count185
\@tbpen=\count186
\@arstrutbox@hline=\box51
Class revtex4-1 Info: Repairing broken LaTeX \@xbitor on input line 1786.
ltxfront[2010/07/25/20:33:00 4.1r frontmatter package (AO,DPC)]
\c@affil=\count187
\c@collab=\count188
\absbox=\box52
ltxgrid[2010/07/25/20:33:00 4.1r page grid package (portions licensed from W. E. Baxter web at superscript.com)]
\c@linecount=\count189
\output@latex=\toks16
\box@size@1=\box53
\box@size@2=\box54
\@protection@box=\box55
\@topmark@saved=\toks17
\footins@saved=\box56
\footins@recovered=\box57
\column@recovered=\box58
\pagesofar=\box59
\footsofar=\box60
\pagegrid@col=\count190

Class revtex4-1 Warning: Failed to recognize \@vspace, \@vspacer, \@no@pgbk, \@newline, and \\; no patches applied. Please get a more up-to-date class, .

\c@part=\count191
\c@section=\count192
\c@subsection=\count193
\c@subsubsection=\count194
\c@paragraph=\count195
\c@subparagraph=\count196
\abovecaptionskip=\skip48
\belowcaptionskip=\skip49
\c@figure=\count197
\fbox@1=\box61
\c@table=\count198
\fbox@2=\box62
\c@video=\count199
\fbox@4=\box63
\@bibdataout=\write3
\widetext@top=\box64
\widetext@bot=\box65
Class revtex4-1 Info: Selecting society aip on input line 7542.
(/usr/local/texlive/2023/texmf-dist/tex/latex/revtex4-1/aip4-1.rtx
File: aip4-1.rtx 2020/09/30 4.1s AIP substyle for REVTeX
Class revtex4-1 Info: RevTeX society AIP selected on input line 64.
)

Class revtex4-1 Warning: No journal specified, using default cha.

Using journal substyle cha.
Class revtex4-1 Info: Reading file aps12pt4-1.rtx on input line 7547.
(/usr/local/texlive/2023/texmf-dist/tex/latex/revtex4-1/aps12pt4-1.rtx
File: aps12pt4-1 2020/09/30 4.1s (http://publish.aps.org/revtex4/ for documentation)
Class revtex4-1 Info: RevTeX pointsize 12pt selected on input line 30.
)
Class revtex4-1 Info: Overriding 12pt on input line 7547.
 (/usr/local/texlive/2023/texmf-dist/tex/latex/textcase/textcase.sty
Package: textcase 2022/07/10 v1.03 Text only upper/lower case changing (DPC)
Package textcase Info: Defining Legacy names on input line 20.
) (/usr/local/texlive/2023/texmf-dist/tex/latex/amsfonts/amssymb.sty
Package: amssymb 2013/01/14 v3.01 AMS font symbols
 (/usr/local/texlive/2023/texmf-dist/tex/latex/amsfonts/amsfonts.sty
Package: amsfonts 2013/01/14 v3.01 Basic AMSFonts support
\@emptytoks=\toks18
\symAMSa=\mathgroup4
\symAMSb=\mathgroup5
LaTeX Font Info:    Redeclaring math symbol \hbar on input line 98.
LaTeX Font Info:    Overwriting math alphabet `\mathfrak' in version `bold'
(Font)                  U/euf/m/n --> U/euf/b/n on input line 106.
)) (/usr/local/texlive/2023/texmf-dist/tex/latex/amsmath/amsmath.sty
Package: amsmath 2022/04/08 v2.17n AMS math features
\@mathmargin=\skip50

For additional information on amsmath, use the `?' option.
(/usr/local/texlive/2023/texmf-dist/tex/latex/amsmath/amstext.sty
Package: amstext 2021/08/26 v2.01 AMS text
 (/usr/local/texlive/2023/texmf-dist/tex/latex/amsmath/amsgen.sty
File: amsgen.sty 1999/11/30 v2.0 generic functions
\@emptytoks=\toks19
\ex@=\dimen140
)
LaTeX Info: Redefining \text on input line 28.
) (/usr/local/texlive/2023/texmf-dist/tex/latex/amsmath/amsbsy.sty
Package: amsbsy 1999/11/29 v1.2d Bold Symbols
\pmbraise@=\dimen141
) (/usr/local/texlive/2023/texmf-dist/tex/latex/amsmath/amsopn.sty
Package: amsopn 2022/04/08 v2.04 operator names
)
\inf@bad=\count266
LaTeX Info: Redefining \frac on input line 234.
\uproot@=\count267
\leftroot@=\count268
LaTeX Info: Redefining \overline on input line 399.
LaTeX Info: Redefining \colon on input line 410.
\classnum@=\count269
\DOTSCASE@=\count270
LaTeX Info: Redefining \ldots on input line 496.
LaTeX Info: Redefining \dots on input line 499.
LaTeX Info: Redefining \cdots on input line 620.
\Mathstrutbox@=\box66
\strutbox@=\box67
LaTeX Info: Redefining \big on input line 722.
LaTeX Info: Redefining \Big on input line 723.
LaTeX Info: Redefining \bigg on input line 724.
LaTeX Info: Redefining \Bigg on input line 725.
\big@size=\dimen142
LaTeX Font Info:    Redeclaring font encoding OML on input line 743.
LaTeX Font Info:    Redeclaring font encoding OMS on input line 744.
\macc@depth=\count271
LaTeX Info: Redefining \bmod on input line 905.
LaTeX Info: Redefining \pmod on input line 910.
LaTeX Info: Redefining \smash on input line 940.
LaTeX Info: Redefining \relbar on input line 970.
LaTeX Info: Redefining \Relbar on input line 971.
\c@MaxMatrixCols=\count272
\dotsspace@=\muskip16
\c@parentequation=\count273
\dspbrk@lvl=\count274
\tag@help=\toks20
\row@=\count275
\column@=\count276
\maxfields@=\count277
\andhelp@=\toks21
\eqnshift@=\dimen143
\alignsep@=\dimen144
\tagshift@=\dimen145
\tagwidth@=\dimen146
\totwidth@=\dimen147
\lineht@=\dimen148
\@envbody=\toks22
\multlinegap=\skip51
\multlinetaggap=\skip52
\mathdisplay@stack=\toks23
LaTeX Info: Redefining \[ on input line 2953.
LaTeX Info: Redefining \] on input line 2954.
) (/usr/local/texlive/2023/texmf-dist/tex/latex/url/url.sty
\Urlmuskip=\muskip17
Package: url 2013/09/16  ver 3.4  Verb mode for urls, etc.
) (/usr/local/texlive/2023/texmf-dist/tex/latex/natbib/natbib.sty
Package: natbib 2010/09/13 8.31b (PWD, AO)
\bibhang=\skip53
\bibsep=\skip54
LaTeX Info: Redefining \cite on input line 694.
\c@NAT@ctr=\count278
)
Class revtex4-1 Info: Repairing natbib's \BibitemShut on input line 7549.
 (./revsymb4-1.sty
Package: revsymb4-1 2010/07/25/20:33:00 4.1r (http://publish.aps.org/revtex4/ for documentation)
LaTeX Info: Redefining \frak on input line 95.
LaTeX Info: Redefining \Bbb on input line 111.
LaTeX Info: Redefining \REV@mathfrak on input line 119.
)) (/usr/local/texlive/2023/texmf-dist/tex/latex/graphics/graphicx.sty
Package: graphicx 2021/09/16 v1.2d Enhanced LaTeX Graphics (DPC,SPQR)
 (/usr/local/texlive/2023/texmf-dist/tex/latex/graphics/keyval.sty
Package: keyval 2022/05/29 v1.15 key=value parser (DPC)
\KV@toks@=\toks24
) (/usr/local/texlive/2023/texmf-dist/tex/latex/graphics/graphics.sty
Package: graphics 2022/03/10 v1.4e Standard LaTeX Graphics (DPC,SPQR)
 (/usr/local/texlive/2023/texmf-dist/tex/latex/graphics/trig.sty
Package: trig 2021/08/11 v1.11 sin cos tan (DPC)
) (/usr/local/texlive/2023/texmf-dist/tex/latex/graphics-cfg/graphics.cfg
File: graphics.cfg 2016/06/04 v1.11 sample graphics configuration
)
Package graphics Info: Driver file: pdftex.def on input line 107.
 (/usr/local/texlive/2023/texmf-dist/tex/latex/graphics-def/pdftex.def
File: pdftex.def 2022/09/22 v1.2b Graphics/color driver for pdftex
))
\Gin@req@height=\dimen149
\Gin@req@width=\dimen150
) (/usr/local/texlive/2023/texmf-dist/tex/latex/tools/dcolumn.sty
Package: dcolumn 2014/10/28 v1.06 decimal alignment package (DPC)
 (/usr/local/texlive/2023/texmf-dist/tex/latex/tools/array.sty
Package: array 2022/09/04 v2.5g Tabular extension package (FMi)
\col@sep=\dimen151
\ar@mcellbox=\box68
\extrarowheight=\dimen152
\NC@list=\toks25
\extratabsurround=\skip55
\backup@length=\skip56
\ar@cellbox=\box69
)) (/usr/local/texlive/2023/texmf-dist/tex/latex/tools/bm.sty
Package: bm 2022/01/05 v1.2f Bold Symbol Support (DPC/FMi)
\symboldoperators=\mathgroup6
\symboldletters=\mathgroup7
\symboldsymbols=\mathgroup8
Package bm Info: No bold for \OMX/cmex/m/n, using \pmb.
Package bm Info: No bold for \U/msa/m/n, using \pmb.
Package bm Info: No bold for \U/msb/m/n, using \pmb.
LaTeX Font Info:    Redeclaring math alphabet \mathbf on input line 149.
LaTeX Info: Redefining \bm on input line 219.
) (/usr/local/texlive/2023/texmf-dist/tex/latex/caption/subcaption.sty
Package: subcaption 2023/02/19 v1.6 Sub-captions (AR)
 (/usr/local/texlive/2023/texmf-dist/tex/latex/caption/caption.sty
Package: caption 2023/03/12 v3.6j Customizing captions (AR)
 (/usr/local/texlive/2023/texmf-dist/tex/latex/caption/caption3.sty
Package: caption3 2023/03/12 v2.4 caption3 kernel (AR)
\caption@tempdima=\dimen153
\captionmargin=\dimen154
\caption@leftmargin=\dimen155
\caption@rightmargin=\dimen156
\caption@width=\dimen157
\caption@indent=\dimen158
\caption@parindent=\dimen159
\caption@hangindent=\dimen160
Package caption Info: Unknown document class (or package),
(caption)             standard defaults will be used.
Package caption Info: \@makecaption = \long macro:#1#2->\par \vskip \abovecaptionskip \begingroup \small \rmfamily \sbox \@tempboxa {\let \\\heading@cr \@make@capt@title {#1}{#2}}\@ifdim {\wd \@tempboxa >\hsize }{\begingroup \samepage \flushing \let \footnote \@footnotemark@gobble \@make@capt@title {#1}{#2}\par \endgroup }{\global \@minipagefalse \hb@xt@ \hsize {\hfil \unhbox \@tempboxa \hfil }}\endgroup \vskip \belowcaptionskip  on input line 1176.
)

Package caption Warning: Unknown document class (or package),
(caption)                standard defaults will be used.
See the caption package documentation for explanation.

\c@caption@flags=\count279
\c@continuedfloat=\count280
)
Package caption Info: New subtype `subfigure' on input line 239.
\c@subfigure=\count281
Package caption Info: New subtype `subtable' on input line 239.
\c@subtable=\count282
) (/usr/local/texlive/2023/texmf-dist/tex/latex/cleveref/cleveref.sty
Package: cleveref 2018/03/27 v0.21.4 Intelligent cross-referencing
Package cleveref Info: always capitalise cross-reference names on input line 7825.
Package cleveref Info: always capitalise cross-reference names on input line 7852.
)
/Users/nhamilt2/Documents/github/nhamilt2OverleafIntegration/Hamilton_draft.tex:33: Extra \endgroup.
\document ->\endgroup 
                      \document@inithook \true@sw {}\UseOneTimeHook {begindo...
l.33 \begin{document}
                     
Things are pretty mixed up, but I think the worst is over.

Class revtex4-1 Info: Unrecognized array package. Please update this document class! (Proceeding with fingers crossed.) on input line 33.
Class revtex4-1 Info: cite was not loaded (OK!) on input line 33.
Class revtex4-1 Info: mcite was not loaded (OK!) on input line 33.
Class revtex4-1 Info: multicol was not loaded (OK!) on input line 33.

/Users/nhamilt2/Documents/github/nhamilt2OverleafIntegration/Hamilton_draft.tex:33: LaTeX Error: Missing \begin{document}.

See the LaTeX manual or LaTeX Companion for explanation.
Type  H <return>  for immediate help.
 ...                                              
                                                  
l.33 \begin{document}
                     
You're in trouble here.  Try typing  <return>  to proceed.
If that doesn't work, type  X <return>  to quit.

Missing character: There is no b in font nullfont!
Missing character: There is no e in font nullfont!
Missing character: There is no g in font nullfont!
Missing character: There is no i in font nullfont!
Missing character: There is no n in font nullfont!
Missing character: There is no d in font nullfont!
Missing character: There is no o in font nullfont!
Missing character: There is no c in font nullfont!
Missing character: There is no u in font nullfont!
Missing character: There is no m in font nullfont!
Missing character: There is no e in font nullfont!
Missing character: There is no n in font nullfont!
Missing character: There is no t in font nullfont!
Missing character: There is no / in font nullfont!
Missing character: There is no b in font nullfont!
Missing character: There is no e in font nullfont!
Missing character: There is no f in font nullfont!
Missing character: There is no o in font nullfont!
Missing character: There is no r in font nullfont!
Missing character: There is no e in font nullfont!
(/usr/local/texlive/2023/texmf-dist/tex/latex/l3backend/l3backend-pdftex.def
File: l3backend-pdftex.def 2023-01-16 L3 backend support: PDF output (pdfTeX)
\l__color_backend_stack_int=\count283
\l__pdf_internal_box=\box70
)
No file Hamilton_draft.aux.
\openout1 = `Hamilton_draft.aux'.

LaTeX Font Info:    Checking defaults for OML/cmm/m/it on input line 33.
LaTeX Font Info:    ... okay on input line 33.
LaTeX Font Info:    Checking defaults for OMS/cmsy/m/n on input line 33.
LaTeX Font Info:    ... okay on input line 33.
LaTeX Font Info:    Checking defaults for OT1/cmr/m/n on input line 33.
LaTeX Font Info:    ... okay on input line 33.
LaTeX Font Info:    Checking defaults for T1/cmr/m/n on input line 33.
LaTeX Font Info:    ... okay on input line 33.
LaTeX Font Info:    Checking defaults for TS1/cmr/m/n on input line 33.
LaTeX Font Info:    ... okay on input line 33.
LaTeX Font Info:    Checking defaults for OMX/cmex/m/n on input line 33.
LaTeX Font Info:    ... okay on input line 33.
LaTeX Font Info:    Checking defaults for U/cmr/m/n on input line 33.
LaTeX Font Info:    ... okay on input line 33.
(/usr/local/texlive/2023/texmf-dist/tex/context/base/mkii/supp-pdf.mkii
[Loading MPS to PDF converter (version 2006.09.02).]
\scratchcounter=\count284
\scratchdimen=\dimen161
\scratchbox=\box71
\nofMPsegments=\count285
\nofMParguments=\count286
\everyMPshowfont=\toks26
\MPscratchCnt=\count287
\MPscratchDim=\dimen162
\MPnumerator=\count288
\makeMPintoPDFobject=\count289
\everyMPtoPDFconversion=\toks27
) (/usr/local/texlive/2023/texmf-dist/tex/latex/epstopdf-pkg/epstopdf-base.sty
Package: epstopdf-base 2020-01-24 v2.11 Base part for package epstopdf
 (/usr/local/texlive/2023/texmf-dist/tex/generic/infwarerr/infwarerr.sty
Package: infwarerr 2019/12/03 v1.5 Providing info/warning/error messages (HO)
) (/usr/local/texlive/2023/texmf-dist/tex/latex/grfext/grfext.sty
Package: grfext 2019/12/03 v1.3 Manage graphics extensions (HO)
 (/usr/local/texlive/2023/texmf-dist/tex/generic/kvdefinekeys/kvdefinekeys.sty
Package: kvdefinekeys 2019-12-19 v1.6 Define keys (HO)
)) (/usr/local/texlive/2023/texmf-dist/tex/latex/kvoptions/kvoptions.sty
Package: kvoptions 2022-06-15 v3.15 Key value format for package options (HO)
 (/usr/local/texlive/2023/texmf-dist/tex/generic/ltxcmds/ltxcmds.sty
Package: ltxcmds 2020-05-10 v1.25 LaTeX kernel commands for general use (HO)
) (/usr/local/texlive/2023/texmf-dist/tex/latex/kvsetkeys/kvsetkeys.sty
Package: kvsetkeys 2022-10-05 v1.19 Key value parser (HO)
)) (/usr/local/texlive/2023/texmf-dist/tex/generic/pdftexcmds/pdftexcmds.sty
Package: pdftexcmds 2020-06-27 v0.33 Utility functions of pdfTeX for LuaTeX (HO)
 (/usr/local/texlive/2023/texmf-dist/tex/generic/iftex/iftex.sty
Package: iftex 2022/02/03 v1.0f TeX engine tests
)
Package pdftexcmds Info: \pdf@primitive is available.
Package pdftexcmds Info: \pdf@ifprimitive is available.
Package pdftexcmds Info: \pdfdraftmode found.
)
Package epstopdf-base Info: Redefining graphics rule for `.eps' on input line 485.
Package grfext Info: Graphics extension search list:
(grfext)             [.pdf,.png,.jpg,.mps,.jpeg,.jbig2,.jb2,.PDF,.PNG,.JPG,.JPEG,.JBIG2,.JB2,.eps]
(grfext)             \AppendGraphicsExtensions on input line 504.
 (/usr/local/texlive/2023/texmf-dist/tex/latex/latexconfig/epstopdf-sys.cfg
File: epstopdf-sys.cfg 2010/07/13 v1.3 Configuration of (r)epstopdf for TeX Live
))
Package caption Info: Begin \AtBeginDocument code.
Package caption Info: End \AtBeginDocument code.
\openout3 = `Hamilton_draftNotes.bib'.

LaTeX Font Info:    Trying to load font information for U+msa on input line 64.
 (/usr/local/texlive/2023/texmf-dist/tex/latex/amsfonts/umsa.fd
File: umsa.fd 2013/01/14 v3.01 AMS symbols A
)
LaTeX Font Info:    Trying to load font information for U+msb on input line 64.
 (/usr/local/texlive/2023/texmf-dist/tex/latex/amsfonts/umsb.fd
File: umsb.fd 2013/01/14 v3.01 AMS symbols B
) [1{/usr/local/texlive/2023/texmf-var/fonts/map/pdftex/updmap/pdftex.map}]

Package natbib Warning: Citation `bingol_light_2010' on page 2 undefined on input line 67.


Package natbib Warning: Citation `trujillo_light_2011' on page 2 undefined on input line 67.


Package natbib Warning: Citation `conti_wind_2020' on page 2 undefined on input line 71.


Package natbib Warning: Citation `doubrawa2020multimodel' on page 2 undefined on input line 71.


Package natbib Warning: Citation `conti_calibration_2021' on page 2 undefined on input line 71.


Package natbib Warning: Citation `reinwardt_dynamic_2020' on page 2 undefined on input line 71.


Package natbib Warning: Citation `reinwardt_validation_2021' on page 2 undefined on input line 71.


Package natbib Warning: Citation `conti_wind_2020' on page 2 undefined on input line 71.


Package natbib Warning: Citation `doubrawa2020multimodel' on page 2 undefined on input line 71.


Package natbib Warning: Citation `berkooz_proper_1993' on page 2 undefined on input line 73.


Package natbib Warning: Citation `spitler_initial_2004' on page 2 undefined on input line 73.


Package natbib Warning: Citation `saranyasoontorn_low-dimensional_2005' on page 2 undefined on input line 73.


Package natbib Warning: Citation `verhulst_large_2014' on page 2 undefined on input line 73.


Package natbib Warning: Citation `spitler_initial_2004' on page 2 undefined on input line 73.


Package natbib Warning: Citation `saranyasoontorn_low-dimensional_2005' on page 2 undefined on input line 73.


Package natbib Warning: Citation `hamilton2015wind' on page 2 undefined on input line 73.


Package natbib Warning: Citation `hamilton2016low' on page 2 undefined on input line 73.


Package natbib Warning: Citation `debnath_towards_2017' on page 2 undefined on input line 73.


Package natbib Warning: Citation `de2020pod' on page 2 undefined on input line 73.


Package natbib Warning: Citation `moon_toward_2021' on page 2 undefined on input line 73.

[2]

Package natbib Warning: Citation `baker1985wake' on page 3 undefined on input line 77.


Package natbib Warning: Citation `zambrano1983wake' on page 3 undefined on input line 77.


Package natbib Warning: Citation `larsen2007dynamic' on page 3 undefined on input line 77.


Package natbib Warning: Citation `larsen2008wake' on page 3 undefined on input line 77.


Package natbib Warning: Citation `jonkman2017development' on page 3 undefined on input line 77.


Package natbib Warning: Citation `medici2008measurements' on page 3 undefined on input line 78.


Package natbib Warning: Citation `okulov2007stability' on page 3 undefined on input line 78.


Package natbib Warning: Citation `okulov2014regular' on page 3 undefined on input line 78.


Package natbib Warning: Citation `howard2015statistics' on page 3 undefined on input line 78.


Package natbib Warning: Citation `foti2016wake' on page 3 undefined on input line 78.


Package natbib Warning: Citation `foti2018wake' on page 3 undefined on input line 78.


Package natbib Warning: Citation `larsen2008wake' on page 3 undefined on input line 79.


Package natbib Warning: Citation `larsen2008wake' on page 3 undefined on input line 80.


Package natbib Warning: Citation `jonkman2017development' on page 3 undefined on input line 80.


Package natbib Warning: Citation `shaler2019fast' on page 3 undefined on input line 81.


Package natbib Warning: Citation `shaler2019effects' on page 3 undefined on input line 81.

[3]

LaTeX Warning: Reference `eq:gaussfit' on page 1 undefined on input line 125.


LaTeX Warning: Reference `eq:deficit' on page 1 undefined on input line 125.


Package natbib Warning: Citation `Sirovich1987' on page 4 undefined on input line 133.


Package natbib Warning: Citation `Lumley1967' on page 4 undefined on input line 133.


LaTeX Warning: Reference `sec:Data' on page 1 undefined on input line 138.

[4]

LaTeX Warning: Reference `eqn:nuts' on page 1 undefined on input line 150.

[5]

LaTeX Warning: Reference `eqn:POD' on page 1 undefined on input line 165.


Package natbib Warning: Citation `hamilton2017anisotropic' on page 6 undefined on input line 165.


LaTeX Warning: Reference `sec:meander' on page 1 undefined on input line 178.


LaTeX Warning: Reference `tab:comb' on page 6 undefined on input line 179.


LaTeX Warning: Reference `eqn:POD' on page 1 undefined on input line 191.

[6]

LaTeX Warning: Reference `eq:PODset' on page 1 undefined on input line 198.


Package natbib Warning: Citation `brugger2020lidar' on page 7 undefined on input line 204.


Package natbib Warning: Citation `Simley2020' on page 7 undefined on input line 217.

[7]

Package natbib Warning: Citation `Simley2015' on page 8 undefined on input line 229.


Package natbib Warning: Citation `Debnath2020' on page 8 undefined on input line 229.


LaTeX Warning: Reference `fig:inflow' on page 1 undefined on input line 232.


LaTeX Warning: Reference `fig:inflow' on page 1 undefined on input line 233.


LaTeX Warning: Reference `fig:inflow' on page 1 undefined on input line 237.


LaTeX Warning: Reference `fig:inflow' on page 1 undefined on input line 240.


LaTeX Warning: Reference `fig:ts' on page 1 undefined on input line 265.

[8]

LaTeX Warning: Reference `fig:avescan' on page 1 undefined on input line 276.


LaTeX Warning: Reference `fig:wakecenter' on page 1 undefined on input line 299.


LaTeX Warning: Reference `fig:wakecenter' on page 1 undefined on input line 299.

[9]

LaTeX Warning: Reference `fig:wakecenter' on page 1 undefined on input line 307.


LaTeX Warning: Reference `fig:wakecenter' on page 1 undefined on input line 310.


LaTeX Warning: Reference `fig:wakecenterts' on page 1 undefined on input line 320.


LaTeX Warning: File `figs/center_locations_xD_20210812.png' not found on input line 327.


/Users/nhamilt2/Documents/github/nhamilt2OverleafIntegration/Hamilton_draft.tex:327: Package pdftex.def Error: File `figs/center_locations_xD_20210812.png' not found: using draft setting.

See the pdftex.def package documentation for explanation.
Type  H <return>  for immediate help.
 ...                                              
                                                  
l.327 ...h]{figs/center_locations_xD_20210812.png}
                                                  
Try typing  <return>  to proceed.
If that doesn't work, type  X <return>  to quit.


LaTeX Warning: `h' float specifier changed to `ht'.


LaTeX Warning: Reference `fig:centerdist' on page 1 undefined on input line 332.


LaTeX Warning: Reference `fig:centerdist' on page 1 undefined on input line 336.


LaTeX Warning: Reference `fig:centerdistcomp' on page 1 undefined on input line 354.


LaTeX Warning: Reference `fig:wakecenterts' on page 1 undefined on input line 355.

[10]

LaTeX Warning: Reference `tab:modes' on page 11 undefined on input line 371.


LaTeX Warning: Reference `fig:centerdistcomp' on page 1 undefined on input line 373.


LaTeX Warning: Reference `fig:PODeig' on page 1 undefined on input line 374.

[11]

LaTeX Warning: Reference `fig:convergence' on page 1 undefined on input line 398.


LaTeX Warning: Reference `fig:convergence' on page 1 undefined on input line 398.


LaTeX Warning: Reference `fig:convergence' on page 1 undefined on input line 407.


LaTeX Warning: Reference `fig:convergence' on page 1 undefined on input line 411.

[12]

LaTeX Warning: Reference `eq:PODset' on page 1 undefined on input line 413.


LaTeX Warning: Reference `tab:comb' on page 13 undefined on input line 414.


LaTeX Warning: Reference `eq:gaussfit' on page 1 undefined on input line 415.


LaTeX Warning: Reference `fig:delta_std' on page 1 undefined on input line 417.


LaTeX Warning: Reference `fig:delta_std' on page 1 undefined on input line 422.


LaTeX Warning: Reference `tab:minerr' on page 13 undefined on input line 436.


LaTeX Warning: Reference `tab:minerr' on page 13 undefined on input line 467.


LaTeX Warning: Reference `fig:minDelta' on page 1 undefined on input line 470.

[13]

LaTeX Warning: Reference `fig:modeOccurenceInBestCases' on page 1 undefined on input line 484.

[14]

LaTeX Warning: Reference `fig:regression' on page 1 undefined on input line 508.


LaTeX Warning: Reference `fig:regression' on page 1 undefined on input line 510.


LaTeX Warning: Reference `fig:bestworst' on page 1 undefined on input line 522.


LaTeX Warning: Reference `fig:regression' on page 1 undefined on input line 522.


LaTeX Warning: Reference `eqn:nuts' on page 1 undefined on input line 526.


LaTeX Warning: Reference `fig:fieldrec' on page 1 undefined on input line 547.


LaTeX Warning: Reference `fig:fieldrec' on page 1 undefined on input line 549.


LaTeX Warning: Reference `fig:centerdist' on page 1 undefined on input line 552.

[15]

LaTeX Warning: Reference `fig:wakeSpectra' on page 1 undefined on input line 566.


LaTeX Warning: Reference `eqn:POD' on page 1 undefined on input line 577.

[16]

LaTeX Warning: Reference `fig:bestworstcoeff' on page 1 undefined on input line 582.


LaTeX Warning: Reference `fig:regression' on page 1 undefined on input line 582.


LaTeX Warning: Reference `fig:bestworstcoeff' on page 1 undefined on input line 600.


Package natbib Warning: Citation `medici2008measurements' on page 17 undefined on input line 601.


Package natbib Warning: Citation `okulov2007stability' on page 17 undefined on input line 601.


Package natbib Warning: Citation `okulov2014regular' on page 17 undefined on input line 601.


Package natbib Warning: Citation `howard2015statistics' on page 17 undefined on input line 601.


Package natbib Warning: Citation `foti2016wake' on page 17 undefined on input line 601.


Package natbib Warning: Citation `foti2018wake' on page 17 undefined on input line 601.


Package natbib Warning: Citation `baker1985wake' on page 17 undefined on input line 601.


Package natbib Warning: Citation `zambrano1983wake' on page 17 undefined on input line 601.


Package natbib Warning: Citation `larsen2007dynamic' on page 17 undefined on input line 601.


Package natbib Warning: Citation `larsen2008wake' on page 17 undefined on input line 601.


Package natbib Warning: Citation `jonkman2017development' on page 17 undefined on input line 601.


LaTeX Warning: Reference `fig:ST_comp' on page 1 undefined on input line 603.


LaTeX Warning: Reference `fig:wakeSpectra' on page 1 undefined on input line 611.


LaTeX Warning: Reference `fig:ST_comp' on page 1 undefined on input line 611.

[17] [18]
No file Hamilton_draft.bbl.
[19] (aux/Hamilton_draft.aux)

LaTeX Warning: There were undefined references.


LaTeX Warning: Label(s) may have changed. Rerun to get cross-references right .

 ) 
Here is how much of TeX's memory you used:
 8599 strings out of 476025
 149447 string characters out of 5790017
 1866388 words of memory out of 5000000
 28941 multiletter control sequences out of 15000+600000
 528042 words of font info for 90 fonts, out of 8000000 for 9000
 1141 hyphenation exceptions out of 8191
 71i,9n,77p,1181b,369s stack positions out of 10000i,1000n,20000p,200000b,200000s
</usr/local/texlive/2023/texmf-dist/fonts/type1/public/amsfonts/cm/cmbx12.pfb></usr/local/texlive/2023/texmf-dist/fonts/type1/public/amsfonts/cm/cmbx8.pfb></usr/local/texlive/2023/texmf-dist/fonts/type1/public/amsfonts/cm/cmex10.pfb></usr/local/texlive/2023/texmf-dist/fonts/type1/public/amsfonts/cm/cmmi10.pfb></usr/local/texlive/2023/texmf-dist/fonts/type1/public/amsfonts/cm/cmmi12.pfb></usr/local/texlive/2023/texmf-dist/fonts/type1/public/amsfonts/cm/cmmi6.pfb></usr/local/texlive/2023/texmf-dist/fonts/type1/public/amsfonts/cm/cmmi8.pfb></usr/local/texlive/2023/texmf-dist/fonts/type1/public/amsfonts/cm/cmmib10.pfb></usr/local/texlive/2023/texmf-dist/fonts/type1/public/amsfonts/cm/cmr10.pfb></usr/local/texlive/2023/texmf-dist/fonts/type1/public/amsfonts/cm/cmr12.pfb></usr/local/texlive/2023/texmf-dist/fonts/type1/public/amsfonts/cm/cmr6.pfb></usr/local/texlive/2023/texmf-dist/fonts/type1/public/amsfonts/cm/cmr7.pfb></usr/local/texlive/2023/texmf-dist/fonts/type1/public/amsfonts/cm/cmr8.pfb></usr/local/texlive/2023/texmf-dist/fonts/type1/public/amsfonts/cm/cmss12.pfb></usr/local/texlive/2023/texmf-dist/fonts/type1/public/amsfonts/cm/cmss8.pfb></usr/local/texlive/2023/texmf-dist/fonts/type1/public/amsfonts/cm/cmssbx10.pfb></usr/local/texlive/2023/texmf-dist/fonts/type1/public/amsfonts/cm/cmsy10.pfb></usr/local/texlive/2023/texmf-dist/fonts/type1/public/amsfonts/cm/cmsy8.pfb></usr/local/texlive/2023/texmf-dist/fonts/type1/public/amsfonts/cm/cmti12.pfb></usr/local/texlive/2023/texmf-dist/fonts/type1/public/amsfonts/cm/cmtt10.pfb>
Output written on aux/Hamilton_draft.pdf (19 pages, 288327 bytes).
PDF statistics:
 167 PDF objects out of 1000 (max. 8388607)
 104 compressed objects within 2 object streams
 0 named destinations out of 1000 (max. 500000)
 1 words of extra memory for PDF output out of 10000 (max. 10000000)

